nohup: ignoring input
Starting HedonicGame with config HedonicGame.csv
File Opened
HedonicGame - Round 1
HedonicGame - Round 2
HedonicGame - Round 3
HedonicGame - Round 4
HedonicGame - Round 1
HedonicGame - Round 2
HedonicGame - Round 3
HedonicGame - Round 4
HedonicGame - Round 1
HedonicGame - Round 2
HedonicGame - Round 3
HedonicGame - Round 4
HedonicGame - Round 1
HedonicGame - Round 2
HedonicGame - Round 1
HedonicGame - Round 2
HedonicGame - Round 1
HedonicGame - Round 2
HedonicGame - Round 1
HedonicGame - Round 2
HedonicGame - Round 3
HedonicGame - Round 4
HedonicGame - Round 5
HedonicGame - Round 1
HedonicGame - Round 2
HedonicGame - Round 3
HedonicGame - Round 4
HedonicGame - Round 5
HedonicGame - Round 1
HedonicGame - Round 2
HedonicGame - Round 3
HedonicGame - Round 4
HedonicGame - Round 5
HedonicGame - Round 1
HedonicGame - Round 2
HedonicGame - Round 3
HedonicGame - Round 1
HedonicGame - Round 2
HedonicGame - Round 3
HedonicGame - Round 1
HedonicGame - Round 2
HedonicGame - Round 3
Starting GenCoalition with config GenCoalition.csv
File Opened
GenCoalition - Round 1
GenCoalition - Round 2
GenCoalition - Round 3
GenCoalition - Round 4
GenCoalition - Round 5
GenCoalition - Round 1
GenCoalition - Round 2
GenCoalition - Round 3
GenCoalition - Round 4
GenCoalition - Round 5
GenCoalition - Round 1
GenCoalition - Round 2
GenCoalition - Round 3
GenCoalition - Round 4
GenCoalition - Round 5
GenCoalition - Round 1
GenCoalition - Round 2
GenCoalition - Round 3
GenCoalition - Round 4
GenCoalition - Round 5
GenCoalition - Round 1
GenCoalition - Round 2
GenCoalition - Round 3
GenCoalition - Round 4
GenCoalition - Round 5
GenCoalition - Round 1
GenCoalition - Round 2
GenCoalition - Round 3
GenCoalition - Round 1
GenCoalition - Round 2
GenCoalition - Round 3
GenCoalition - Round 1
GenCoalition - Round 2
GenCoalition - Round 3
GenCoalition - Round 1
GenCoalition - Round 2
GenCoalition - Round 3
GenCoalition - Round 1
GenCoalition - Round 2
GenCoalition - Round 3
GenCoalition - Round 1
GenCoalition - Round 2
GenCoalition - Round 3
GenCoalition - Round 4
GenCoalition - Round 1
GenCoalition - Round 2
GenCoalition - Round 3
GenCoalition - Round 4
GenCoalition - Round 1
GenCoalition - Round 2
GenCoalition - Round 3
GenCoalition - Round 4
GenCoalition - Round 1
GenCoalition - Round 2
GenCoalition - Round 3
GenCoalition - Round 4
GenCoalition - Round 1
GenCoalition - Round 2
GenCoalition - Round 3
GenCoalition - Round 4
GenCoalition - Round 1
GenCoalition - Round 2
GenCoalition - Round 3
GenCoalition - Round 4
GenCoalition - Round 5
GenCoalition - Round 1
GenCoalition - Round 2
GenCoalition - Round 3
GenCoalition - Round 1
GenCoalition - Round 2
GenCoalition - Round 3
GenCoalition - Round 1
GenCoalition - Round 2
GenCoalition - Round 3
GenCoalition - Round 4
GenCoalition - Round 1
GenCoalition - Round 2
GenCoalition - Round 3
GenCoalition - Round 4
